JPushExample(932948)/build/outputs/logs/manifest-merger-debug-report.txt
-- Merging decision tree log ---
manifest
ADDED from JiGuang\JPushExample(932948)\AndroidManifest.xml:2:1-187:12
INJECTED from JiGuang\JPushExample(932948)\AndroidManifest.xml:2:1-187:12
INJECTED from JiGuang\JPushExample(932948)\AndroidManifest.xml:2:1-187:12
INJECTED from JiGuang\JPushExample(932948)\AndroidManifest.xml:2:1-187:12
INJECTED from JiGuang\JPushExample(932948)\AndroidManifest.xml:2:1-187:12
	package
		ADDED from JiGuang\JPushExample(932948)\AndroidManifest.xml:3:5-29
	android:versionName
		ADDED from JiGuang\JPushExample(932948)\AndroidManifest.xml:5:5-32
		INJECTED from JiGuang\JPushExample(932948)\AndroidManifest.xml
		INJECTED from JiGuang\JPushExample(932948)\AndroidManifest.xml
	xmlns:android
		ADDED from JiGuang\JPushExample(932948)\AndroidManifest.xml:2:11-69
	android:versionCode
		ADDED from JiGuang\JPushExample(932948)\AndroidManifest.xml:4:5-30
		INJECTED from JiGuang\JPushExample(932948)\AndroidManifest.xml
		INJECTED from JiGuang\JPushExample(932948)\AndroidManifest.xml
uses-sdk
ADDED from JiGuang\JPushExample(932948)\AndroidManifest.xml:7:5-9:41
	android:targetSdkVersion
		ADDED from JiGuang\JPushExample(932948)\AndroidManifest.xml:9:9-38
	android:minSdkVersion
		ADDED from JiGuang\JPushExample(932948)\AndroidManifest.xml:8:9-34
permission#ap.com.jiguang.permission.JPUSH_MESSAGE
ADDED from JiGuang\JPushExample(932948)\AndroidManifest.xml:12:5-14:47
	android:protectionLevel
		ADDED from JiGuang\JPushExample(932948)\AndroidManifest.xml:14:9-44
	android:name
		ADDED from JiGuang\JPushExample(932948)\AndroidManifest.xml:13:9-63
uses-permission#ap.com.jiguang.permission.JPUSH_MESSAGE
ADDED from JiGuang\JPushExample(932948)\AndroidManifest.xml:17:5-79
	android:name
		ADDED from JiGuang\JPushExample(932948)\AndroidManifest.xml:17:22-76
uses-permission#android.permission.RECEIVE_USER_PRESENT
ADDED from JiGuang\JPushExample(932948)\AndroidManifest.xml:18:5-79
	android:name
		ADDED from JiGuang\JPushExample(932948)\AndroidManifest.xml:18:22-76
uses-permission#android.permission.INTERNET
ADDED from JiGuang\JPushExample(932948)\AndroidManifest.xml:19:5-67
	android:name
		ADDED from JiGuang\JPushExample(932948)\AndroidManifest.xml:19:22-64
uses-permission#android.permission.WAKE_LOCK
ADDED from JiGuang\JPushExample(932948)\AndroidManifest.xml:20:5-68
	android:name
		ADDED from JiGuang\JPushExample(932948)\AndroidManifest.xml:20:22-65
uses-permission#android.permission.READ_PHONE_STATE
ADDED from JiGuang\JPushExample(932948)\AndroidManifest.xml:21:5-75
	android:name
		ADDED from JiGuang\JPushExample(932948)\AndroidManifest.xml:21:22-72
uses-permission#android.permission.WRITE_EXTERNAL_STORAGE
ADDED from JiGuang\JPushExample(932948)\AndroidManifest.xml:22:5-81
	android:name
		ADDED from JiGuang\JPushExample(932948)\AndroidManifest.xml:22:22-78
uses-permission#android.permission.READ_EXTERNAL_STORAGE
ADDED from JiGuang\JPushExample(932948)\AndroidManifest.xml:23:5-80
	android:name
		ADDED from JiGuang\JPushExample(932948)\AndroidManifest.xml:23:22-77
uses-permission#android.permission.WRITE_SETTINGS
ADDED from JiGuang\JPushExample(932948)\AndroidManifest.xml:24:5-73
	android:name
		ADDED from JiGuang\JPushExample(932948)\AndroidManifest.xml:24:22-70
uses-permission#android.permission.VIBRATE
ADDED from JiGuang\JPushExample(932948)\AndroidManifest.xml:25:5-66
	android:name
		ADDED from JiGuang\JPushExample(932948)\AndroidManifest.xml:25:22-63
uses-permission#android.permission.MOUNT_UNMOUNT_FILESYSTEMS
ADDED from JiGuang\JPushExample(932948)\AndroidManifest.xml:26:5-84
	android:name
		ADDED from JiGuang\JPushExample(932948)\AndroidManifest.xml:26:22-81
uses-permission#android.permission.ACCESS_NETWORK_STATE
ADDED from JiGuang\JPushExample(932948)\AndroidManifest.xml:27:5-79
	android:name
		ADDED from JiGuang\JPushExample(932948)\AndroidManifest.xml:27:22-76
uses-permission#android.permission.ACCESS_WIFI_STATE
ADDED from JiGuang\JPushExample(932948)\AndroidManifest.xml:28:5-76
	android:name
		ADDED from JiGuang\JPushExample(932948)\AndroidManifest.xml:28:22-73
uses-permission#android.permission.SYSTEM_ALERT_WINDOW
ADDED from JiGuang\JPushExample(932948)\AndroidManifest.xml:32:5-78
	android:name
		ADDED from JiGuang\JPushExample(932948)\AndroidManifest.xml:32:22-75
uses-permission#android.permission.ACCESS_COARSE_LOCATION
ADDED from JiGuang\JPushExample(932948)\AndroidManifest.xml:33:5-81
	android:name
		ADDED from JiGuang\JPushExample(932948)\AndroidManifest.xml:33:22-78
uses-permission#android.permission.CHANGE_WIFI_STATE
ADDED from JiGuang\JPushExample(932948)\AndroidManifest.xml:34:5-76
	android:name
		ADDED from JiGuang\JPushExample(932948)\AndroidManifest.xml:34:22-73
uses-permission#android.permission.ACCESS_FINE_LOCATION
ADDED from JiGuang\JPushExample(932948)\AndroidManifest.xml:35:5-79
	android:name
		ADDED from JiGuang\JPushExample(932948)\AndroidManifest.xml:35:22-76
uses-permission#android.permission.ACCESS_LOCATION_EXTRA_COMMANDS
ADDED from JiGuang\JPushExample(932948)\AndroidManifest.xml:36:5-89
	android:name
		ADDED from JiGuang\JPushExample(932948)\AndroidManifest.xml:36:22-86
uses-permission#android.permission.CHANGE_NETWORK_STATE
ADDED from JiGuang\JPushExample(932948)\AndroidManifest.xml:37:5-79
	android:name
		ADDED from JiGuang\JPushExample(932948)\AndroidManifest.xml:37:22-76
uses-permission#android.permission.GET_TASKS
ADDED from JiGuang\JPushExample(932948)\AndroidManifest.xml:38:5-68
	android:name
		ADDED from JiGuang\JPushExample(932948)\AndroidManifest.xml:38:22-65
application
ADDED from JiGuang\JPushExample(932948)\AndroidManifest.xml:40:5-186:19
	android:label
		ADDED from JiGuang\JPushExample(932948)\AndroidManifest.xml:44:9-41
	android:icon
		ADDED from JiGuang\JPushExample(932948)\AndroidManifest.xml:43:9-45
	android:allowBackup
		ADDED from JiGuang\JPushExample(932948)\AndroidManifest.xml:42:9-36
	android:name
		ADDED from JiGuang\JPushExample(932948)\AndroidManifest.xml:41:9-64
activity#com.example.jpushdemo.MainActivity
ADDED from JiGuang\JPushExample(932948)\AndroidManifest.xml:47:9-54:20
	android:label
		ADDED from JiGuang\JPushExample(932948)\AndroidManifest.xml:49:13-45
	android:name
		ADDED from JiGuang\JPushExample(932948)\AndroidManifest.xml:48:13-62
intent-filter#android.intent.action.MAIN+android.intent.category.LAUNCHER
ADDED from JiGuang\JPushExample(932948)\AndroidManifest.xml:50:13-53:29
action#android.intent.action.MAIN
ADDED from JiGuang\JPushExample(932948)\AndroidManifest.xml:51:17-69
	android:name
		ADDED from JiGuang\JPushExample(932948)\AndroidManifest.xml:51:25-66
category#android.intent.category.LAUNCHER
ADDED from JiGuang\JPushExample(932948)\AndroidManifest.xml:52:17-77
	android:name
		ADDED from JiGuang\JPushExample(932948)\AndroidManifest.xml:52:27-74
activity#com.example.jpushdemo.PushSetActivity
ADDED from JiGuang\JPushExample(932948)\AndroidManifest.xml:56:9-58:57
	android:label
		ADDED from JiGuang\JPushExample(932948)\AndroidManifest.xml:58:13-45
	android:name
		ADDED from JiGuang\JPushExample(932948)\AndroidManifest.xml:57:13-65
activity#com.example.jpushdemo.SettingActivity
ADDED from JiGuang\JPushExample(932948)\AndroidManifest.xml:60:9-62:57
	android:label
		ADDED from JiGuang\JPushExample(932948)\AndroidManifest.xml:62:13-45
	android:name
		ADDED from JiGuang\JPushExample(932948)\AndroidManifest.xml:61:13-65
activity#com.example.jpushdemo.TestActivity
ADDED from JiGuang\JPushExample(932948)\AndroidManifest.xml:64:9-71:20
	android:exported
		ADDED from JiGuang\JPushExample(932948)\AndroidManifest.xml:66:13-37
	android:name
		ADDED from JiGuang\JPushExample(932948)\AndroidManifest.xml:65:13-62
intent-filter#jpush.testAction+jpush.testCategory
ADDED from JiGuang\JPushExample(932948)\AndroidManifest.xml:67:13-70:29
action#jpush.testAction
ADDED from JiGuang\JPushExample(932948)\AndroidManifest.xml:68:17-59
	android:name
		ADDED from JiGuang\JPushExample(932948)\AndroidManifest.xml:68:25-56
category#jpush.testCategory
ADDED from JiGuang\JPushExample(932948)\AndroidManifest.xml:69:17-63
	android:name
		ADDED from JiGuang\JPushExample(932948)\AndroidManifest.xml:69:27-60
activity#cn.jpush.android.ui.PopWinActivity
ADDED from JiGuang\JPushExample(932948)\AndroidManifest.xml:74:9-77:61
	android:exported
		ADDED from JiGuang\JPushExample(932948)\AndroidManifest.xml:76:13-37
	android:theme
		ADDED from JiGuang\JPushExample(932948)\AndroidManifest.xml:77:13-49
	android:name
		ADDED from JiGuang\JPushExample(932948)\AndroidManifest.xml:75:13-62
activity#cn.jpush.android.ui.PushActivity
ADDED from JiGuang\JPushExample(932948)\AndroidManifest.xml:80:9-91:20
	android:exported
		ADDED from JiGuang\JPushExample(932948)\AndroidManifest.xml:83:13-37
	android:configChanges
		ADDED from JiGuang\JPushExample(932948)\AndroidManifest.xml:82:13-63
	android:theme
		ADDED from JiGuang\JPushExample(932948)\AndroidManifest.xml:84:13-60
	android:name
		ADDED from JiGuang\JPushExample(932948)\AndroidManifest.xml:81:13-60
intent-filter#android.intent.category.DEFAULT+ap.com.jiguang+cn.jpush.android.ui.PushActivity
ADDED from JiGuang\JPushExample(932948)\AndroidManifest.xml:85:13-90:29
action#cn.jpush.android.ui.PushActivity
ADDED from JiGuang\JPushExample(932948)\AndroidManifest.xml:86:17-75
	android:name
		ADDED from JiGuang\JPushExample(932948)\AndroidManifest.xml:86:25-72
category#android.intent.category.DEFAULT
ADDED from JiGuang\JPushExample(932948)\AndroidManifest.xml:88:17-76
	android:name
		ADDED from JiGuang\JPushExample(932948)\AndroidManifest.xml:88:27-73
category#ap.com.jiguang
ADDED from JiGuang\JPushExample(932948)\AndroidManifest.xml:89:17-59
	android:name
		ADDED from JiGuang\JPushExample(932948)\AndroidManifest.xml:89:27-56
service#cn.jpush.android.service.PushService
ADDED from JiGuang\JPushExample(932948)\AndroidManifest.xml:95:9-105:19
	android:process
		ADDED from JiGuang\JPushExample(932948)\AndroidManifest.xml:98:13-36
	android:exported
		ADDED from JiGuang\JPushExample(932948)\AndroidManifest.xml:97:13-37
	android:name
		ADDED from JiGuang\JPushExample(932948)\AndroidManifest.xml:96:13-64
intent-filter#cn.jpush.android.intent.PUSH_TIME+cn.jpush.android.intent.PushService+cn.jpush.android.intent.REGISTER+cn.jpush.android.intent.REPORT
ADDED from JiGuang\JPushExample(932948)\AndroidManifest.xml:99:13-104:29
action#cn.jpush.android.intent.REGISTER
ADDED from JiGuang\JPushExample(932948)\AndroidManifest.xml:100:17-75
	android:name
		ADDED from JiGuang\JPushExample(932948)\AndroidManifest.xml:100:25-72
action#cn.jpush.android.intent.REPORT
ADDED from JiGuang\JPushExample(932948)\AndroidManifest.xml:101:17-73
	android:name
		ADDED from JiGuang\JPushExample(932948)\AndroidManifest.xml:101:25-70
action#cn.jpush.android.intent.PushService
ADDED from JiGuang\JPushExample(932948)\AndroidManifest.xml:102:17-78
	android:name
		ADDED from JiGuang\JPushExample(932948)\AndroidManifest.xml:102:25-75
action#cn.jpush.android.intent.PUSH_TIME
ADDED from JiGuang\JPushExample(932948)\AndroidManifest.xml:103:17-76
	android:name
		ADDED from JiGuang\JPushExample(932948)\AndroidManifest.xml:103:25-73
provider#cn.jpush.android.service.DataProvider
ADDED from JiGuang\JPushExample(932948)\AndroidManifest.xml:107:9-110:40
	android:authorities
		ADDED from JiGuang\JPushExample(932948)\AndroidManifest.xml:109:13-62
	android:exported
		ADDED from JiGuang\JPushExample(932948)\AndroidManifest.xml:110:13-37
	android:name
		ADDED from JiGuang\JPushExample(932948)\AndroidManifest.xml:108:13-65
service#cn.jpush.android.service.DaemonService
ADDED from JiGuang\JPushExample(932948)\AndroidManifest.xml:114:9-123:19
	android:enabled
		ADDED from JiGuang\JPushExample(932948)\AndroidManifest.xml:116:13-35
	android:exported
		ADDED from JiGuang\JPushExample(932948)\AndroidManifest.xml:117:13-36
	android:name
		ADDED from JiGuang\JPushExample(932948)\AndroidManifest.xml:115:13-66
intent-filter#ap.com.jiguang+cn.jpush.android.intent.DaemonService
ADDED from JiGuang\JPushExample(932948)\AndroidManifest.xml:118:13-121:29
action#cn.jpush.android.intent.DaemonService
ADDED from JiGuang\JPushExample(932948)\AndroidManifest.xml:119:17-80
	android:name
		ADDED from JiGuang\JPushExample(932948)\AndroidManifest.xml:119:25-77
provider#cn.jpush.android.service.DownloadProvider
ADDED from JiGuang\JPushExample(932948)\AndroidManifest.xml:125:9-128:39
	android:authorities
		ADDED from JiGuang\JPushExample(932948)\AndroidManifest.xml:127:13-66
	android:exported
		ADDED from JiGuang\JPushExample(932948)\AndroidManifest.xml:128:13-36
	android:name
		ADDED from JiGuang\JPushExample(932948)\AndroidManifest.xml:126:13-69
receiver#cn.jpush.android.service.PushReceiver
ADDED from JiGuang\JPushExample(932948)\AndroidManifest.xml:130:9-149:20
	android:enabled
		ADDED from JiGuang\JPushExample(932948)\AndroidManifest.xml:132:13-35
	android:exported
		ADDED from JiGuang\JPushExample(932948)\AndroidManifest.xml:133:13-37
	android:name
		ADDED from JiGuang\JPushExample(932948)\AndroidManifest.xml:131:13-65
intent-filter#ap.com.jiguang+cn.jpush.android.intent.NOTIFICATION_RECEIVED_PROXY
ADDED from JiGuang\JPushExample(932948)\AndroidManifest.xml:134:13-137:29
	android:priority
		ADDED from JiGuang\JPushExample(932948)\AndroidManifest.xml:134:28-51
action#cn.jpush.android.intent.NOTIFICATION_RECEIVED_PROXY
ADDED from JiGuang\JPushExample(932948)\AndroidManifest.xml:135:17-94
	android:name
		ADDED from JiGuang\JPushExample(932948)\AndroidManifest.xml:135:25-91
intent-filter#android.intent.action.USER_PRESENT+android.net.conn.CONNECTIVITY_CHANGE
ADDED from JiGuang\JPushExample(932948)\AndroidManifest.xml:138:13-141:29
action#android.intent.action.USER_PRESENT
ADDED from JiGuang\JPushExample(932948)\AndroidManifest.xml:139:17-77
	android:name
		ADDED from JiGuang\JPushExample(932948)\AndroidManifest.xml:139:25-74
action#android.net.conn.CONNECTIVITY_CHANGE
ADDED from JiGuang\JPushExample(932948)\AndroidManifest.xml:140:17-79
	android:name
		ADDED from JiGuang\JPushExample(932948)\AndroidManifest.xml:140:25-76
intent-filter#android.intent.action.PACKAGE_ADDED+android.intent.action.PACKAGE_REMOVED
ADDED from JiGuang\JPushExample(932948)\AndroidManifest.xml:143:13-148:29
action#android.intent.action.PACKAGE_ADDED
ADDED from JiGuang\JPushExample(932948)\AndroidManifest.xml:144:17-78
	android:name
		ADDED from JiGuang\JPushExample(932948)\AndroidManifest.xml:144:25-75
action#android.intent.action.PACKAGE_REMOVED
ADDED from JiGuang\JPushExample(932948)\AndroidManifest.xml:145:17-80
	android:name
		ADDED from JiGuang\JPushExample(932948)\AndroidManifest.xml:145:25-77
data
ADDED from JiGuang\JPushExample(932948)\AndroidManifest.xml:147:17-50
	android:scheme
		ADDED from JiGuang\JPushExample(932948)\AndroidManifest.xml:147:23-47
receiver#cn.jpush.android.service.AlarmReceiver
ADDED from JiGuang\JPushExample(932948)\AndroidManifest.xml:152:9-154:40
	android:exported
		ADDED from JiGuang\JPushExample(932948)\AndroidManifest.xml:154:13-37
	android:name
		ADDED from JiGuang\JPushExample(932948)\AndroidManifest.xml:153:13-66
receiver#com.example.jpushdemo.MyReceiver
ADDED from JiGuang\JPushExample(932948)\AndroidManifest.xml:157:9-169:20
	android:enabled
		ADDED from JiGuang\JPushExample(932948)\AndroidManifest.xml:159:13-35
	android:exported
		ADDED from JiGuang\JPushExample(932948)\AndroidManifest.xml:160:13-37
	android:name
		ADDED from JiGuang\JPushExample(932948)\AndroidManifest.xml:158:13-60
intent-filter#ap.com.jiguang+cn.jpush.android.intent.CONNECTION+cn.jpush.android.intent.MESSAGE_RECEIVED+cn.jpush.android.intent.NOTIFICATION_OPENED+cn.jpush.android.intent.NOTIFICATION_RECEIVED+cn.jpush.android.intent.REGISTRATION
ADDED from JiGuang\JPushExample(932948)\AndroidManifest.xml:161:13-168:29
action#cn.jpush.android.intent.REGISTRATION
ADDED from JiGuang\JPushExample(932948)\AndroidManifest.xml:162:17-79
	android:name
		ADDED from JiGuang\JPushExample(932948)\AndroidManifest.xml:162:25-76
action#cn.jpush.android.intent.MESSAGE_RECEIVED
ADDED from JiGuang\JPushExample(932948)\AndroidManifest.xml:163:17-83
	android:name
		ADDED from JiGuang\JPushExample(932948)\AndroidManifest.xml:163:25-80
action#cn.jpush.android.intent.NOTIFICATION_RECEIVED
ADDED from JiGuang\JPushExample(932948)\AndroidManifest.xml:164:17-88
	android:name
		ADDED from JiGuang\JPushExample(932948)\AndroidManifest.xml:164:25-85
action#cn.jpush.android.intent.NOTIFICATION_OPENED
ADDED from JiGuang\JPushExample(932948)\AndroidManifest.xml:165:17-86
	android:name
		ADDED from JiGuang\JPushExample(932948)\AndroidManifest.xml:165:25-83
action#cn.jpush.android.intent.CONNECTION
ADDED from JiGuang\JPushExample(932948)\AndroidManifest.xml:166:17-77
	android:name
		ADDED from JiGuang\JPushExample(932948)\AndroidManifest.xml:166:25-74
receiver#com.example.jpushdemo.MyJPushMessageReceiver
ADDED from JiGuang\JPushExample(932948)\AndroidManifest.xml:172:9-177:20
	android:name
		ADDED from JiGuang\JPushExample(932948)\AndroidManifest.xml:172:19-78
intent-filter#ap.com.jiguang+cn.jpush.android.intent.RECEIVE_MESSAGE
ADDED from JiGuang\JPushExample(932948)\AndroidManifest.xml:173:13-176:29
action#cn.jpush.android.intent.RECEIVE_MESSAGE
ADDED from JiGuang\JPushExample(932948)\AndroidManifest.xml:174:17-82
	android:name
		ADDED from JiGuang\JPushExample(932948)\AndroidManifest.xml:174:25-79
meta-data#JPUSH_CHANNEL
ADDED from JiGuang\JPushExample(932948)\AndroidManifest.xml:179:9-181:49
	android:value
		ADDED from JiGuang\JPushExample(932948)\AndroidManifest.xml:181:13-46
	android:name
		ADDED from JiGuang\JPushExample(932948)\AndroidManifest.xml:180:13-41
meta-data#JPUSH_APPKEY
ADDED from JiGuang\JPushExample(932948)\AndroidManifest.xml:182:9-184:56
	android:value
		ADDED from JiGuang\JPushExample(932948)\AndroidManifest.xml:184:13-53
	android:name
		ADDED from JiGuang\JPushExample(932948)\AndroidManifest.xml:183:13-40